<?xml version="1.0" encoding="UTF-8"?>
<!-- Generated by org.testng.reporters.JUnitReportReporter -->
<testsuite hostname="IT-TEST" name="com.indiacom.verifyurls.GetAllLinks" tests="1" failures="0" timestamp="2 Jan 2018 10:33:16 GMT" time="20.738" errors="0">
  <testcase name="checkurl" time="20.738" classname="com.indiacom.verifyurls.GetAllLinks"/>
</testsuite> <!-- com.indiacom.verifyurls.GetAllLinks -->
