<?xml version="1.0" encoding="UTF-8"?>
<!-- Generated by org.testng.reporters.JUnitReportReporter -->
<testsuite hostname="IT-TEST" name="verifyurlstatus.HyperlinksUrlStatus" tests="1" failures="0" timestamp="2 Jan 2018 06:29:15 GMT" time="0.933" errors="0">
  <testcase name="getresponsestatus" time="0.933" classname="verifyurlstatus.HyperlinksUrlStatus"/>
</testsuite> <!-- verifyurlstatus.HyperlinksUrlStatus -->
