<?xml version="1.0" encoding="UTF-8"?>
<!-- Generated by org.testng.reporters.JUnitReportReporter -->
<testsuite hostname="IT-TEST" name="verifyurlstatus.BasicWebCrawler" tests="1" failures="0" timestamp="2 Jan 2018 06:10:18 GMT" time="2.727" errors="0">
  <testcase name="readxml" time="2.727" classname="verifyurlstatus.BasicWebCrawler"/>
</testsuite> <!-- verifyurlstatus.BasicWebCrawler -->
